Project: IWM
Converter: Atollic TrueSTUDIO project converter
Date: 20220720

Post-build step might need some manual actions.
Warning: Failed to find matching mcu for null
Option com.atollic.truestudio.common_options.target.endianess is no longer supported
Warning: MCU STM32L052K8 matched multiple possible MCUs: [STM32L052K8Tx, STM32L052K8Ux]
Option com.atollic.truestudio.common_options.target.instr_set is no longer supported
Failed to update value for com.atollic.truestudio.gcc.symbols.defined on toolchain com.st.stm32cube.ide.mcu.gnu.managedbuild.tool.assembler.1382087142
Unknown value type "" for id com.atollic.truestudio.common_options.target.interwork on tool com.atollic.truestudio.exe.debug.toolchain.gcc
Option com.atollic.truestudio.common_options.target.endianess is no longer supported
Option com.atollic.truestudio.common_options.target.instr_set is no longer supported
No map found for id: com.atollic.truestudio.gcc.optimization.level.O0
Option com.atollic.truestudio.common_options.target.endianess is no longer supported
Option com.atollic.truestudio.common_options.target.instr_set is no longer supported
Unknown value type "" for id com.atollic.truestudio.gpp.optimization.fno_rtti on tool com.atollic.truestudio.exe.debug.toolchain.gpp
Unknown value type "" for id com.atollic.truestudio.gpp.optimization.fno_exceptions on tool com.atollic.truestudio.exe.debug.toolchain.gpp
Option com.atollic.truestudio.common_options.target.endianess is no longer supported
Option com.atollic.truestudio.common_options.target.instr_set is no longer supported
Option com.atollic.truestudio.common_options.target.endianess is no longer supported
Option com.atollic.truestudio.common_options.target.instr_set is no longer supported
Post-build step might need some manual actions.
Warning: Failed to find matching mcu for null
Option com.atollic.truestudio.common_options.target.endianess is no longer supported
Warning: MCU STM32L052K8 matched multiple possible MCUs: [STM32L052K8Tx, STM32L052K8Ux]
Option com.atollic.truestudio.common_options.target.instr_set is no longer supported
Failed to update value for com.atollic.truestudio.gcc.symbols.defined on toolchain com.st.stm32cube.ide.mcu.gnu.managedbuild.tool.assembler.1786854090
Unknown value type "" for id com.atollic.truestudio.common_options.target.interwork on tool com.atollic.truestudio.exe.release.toolchain.gcc
Option com.atollic.truestudio.common_options.target.endianess is no longer supported
Option com.atollic.truestudio.common_options.target.instr_set is no longer supported
No map found for id: com.atollic.truestudio.gcc.optimization.level.Os
Option com.atollic.truestudio.common_options.target.endianess is no longer supported
Option com.atollic.truestudio.common_options.target.instr_set is no longer supported
Unknown value type "" for id com.atollic.truestudio.gpp.optimization.fno_rtti on tool com.atollic.truestudio.exe.release.toolchain.gpp
Unknown value type "" for id com.atollic.truestudio.gpp.optimization.fno_exceptions on tool com.atollic.truestudio.exe.release.toolchain.gpp
Option com.atollic.truestudio.common_options.target.endianess is no longer supported
Option com.atollic.truestudio.common_options.target.instr_set is no longer supported
Option com.atollic.truestudio.common_options.target.endianess is no longer supported
Option com.atollic.truestudio.common_options.target.instr_set is no longer supported
